[ 2017-01-04T17:13:52+08:00 ] ::1 /41/index.php/Admin/Major/_MODULE_/Major/show
ERR: 非法操作:_MODULE_

[ 2017-01-04T17:13:54+08:00 ] ::1 /41/index.php/Admin/Major/_MODULE_/Major/show
ERR: 非法操作:_MODULE_

[ 2017-01-04T17:14:08+08:00 ] ::1 /41/index.php/Admin/Major/_PUBLIC_/css/style.css
ERR: 非法操作:_PUBLIC_

[ 2017-01-04T17:15:03+08:00 ] ::1 /41/index.php/Admin/Major/_PUBLIC_/css/Style.css
ERR: 非法操作:_PUBLIC_

[ 2017-01-04T17:15:04+08:00 ] ::1 /41/index.php/Admin/Major/_PUBLIC_/css/Style.css
ERR: 非法操作:_PUBLIC_

[ 2017-01-04T17:15:04+08:00 ] ::1 /41/index.php/Admin/Major/_PUBLIC_/css/Style.css
ERR: 非法操作:_PUBLIC_

[ 2017-01-04T17:15:04+08:00 ] ::1 /41/index.php/Admin/Major/_PUBLIC_/css/Style.css
ERR: 非法操作:_PUBLIC_

[ 2017-01-04T17:15:09+08:00 ] ::1 /41/index.php/Admin/Major/_PUBLIC_/css/Style.css
ERR: 非法操作:_PUBLIC_

[ 2017-01-04T17:15:09+08:00 ] ::1 /41/index.php/Admin/Major/_PUBLIC_/css/Style.css
ERR: 非法操作:_PUBLIC_

[ 2017-01-04T17:15:10+08:00 ] ::1 /41/index.php/Admin/Major/_PUBLIC_/css/Style.css
ERR: 非法操作:_PUBLIC_

[ 2017-01-04T17:15:10+08:00 ] ::1 /41/index.php/Admin/Major/_PUBLIC_/css/Style.css
ERR: 非法操作:_PUBLIC_

[ 2017-01-04T17:15:14+08:00 ] ::1 /41/index.php/Admin/Major/_PUBLIC_/css/Style.css
ERR: 非法操作:_PUBLIC_

[ 2017-01-04T17:15:34+08:00 ] ::1 /41/index.php/Admin/Major/_PUBLIC_/css/Style.css
ERR: 非法操作:_PUBLIC_

[ 2017-01-04T17:15:35+08:00 ] ::1 /41/index.php/Admin/Major/_PUBLIC_/css/Style.css
ERR: 非法操作:_PUBLIC_

[ 2017-01-04T17:15:35+08:00 ] ::1 /41/index.php/Admin/Major/_PUBLIC_/css/Style.css
ERR: 非法操作:_PUBLIC_

[ 2017-01-04T17:15:35+08:00 ] ::1 /41/index.php/Admin/Major/_PUBLIC_/css/Style.css
ERR: 非法操作:_PUBLIC_

[ 2017-01-04T17:15:35+08:00 ] ::1 /41/index.php/Admin/Major/_PUBLIC_/css/Style.css
ERR: 非法操作:_PUBLIC_

[ 2017-01-04T17:15:36+08:00 ] ::1 /41/index.php/Admin/Major/_PUBLIC_/css/Style.css
ERR: 非法操作:_PUBLIC_

[ 2017-01-04T17:15:36+08:00 ] ::1 /41/index.php/Admin/Major/_PUBLIC_/css/Style.css
ERR: 非法操作:_PUBLIC_

[ 2017-01-04T17:15:36+08:00 ] ::1 /41/index.php/Admin/Major/_PUBLIC_/css/Style.css
ERR: 非法操作:_PUBLIC_

[ 2017-01-04T17:15:36+08:00 ] ::1 /41/index.php/Admin/Major/_PUBLIC_/css/Style.css
ERR: 非法操作:_PUBLIC_

[ 2017-01-04T17:15:52+08:00 ] ::1 /41/index.php/Admin/Major/_PUBLIC_/css/Style.css
ERR: 非法操作:_PUBLIC_

[ 2017-01-04T17:16:11+08:00 ] ::1 /41/index.php/Admin/Major/_PUBLIC_/css/Style.css
ERR: 非法操作:_PUBLIC_

[ 2017-01-04T17:17:27+08:00 ] ::1 /41/index.php/Admin/Major/_PUBLIC_/css/Style.css
ERR: 非法操作:_PUBLIC_

[ 2017-01-04T17:17:27+08:00 ] ::1 /41/index.php/Admin/Major/_PUBLIC_/css/Style.css
ERR: 非法操作:_PUBLIC_

[ 2017-01-04T17:17:28+08:00 ] ::1 /41/index.php/Admin/Major/_PUBLIC_/css/Style.css
ERR: 非法操作:_PUBLIC_

[ 2017-01-04T17:17:28+08:00 ] ::1 /41/index.php/Admin/Major/_PUBLIC_/css/Style.css
ERR: 非法操作:_PUBLIC_

[ 2017-01-04T17:17:28+08:00 ] ::1 /41/index.php/Admin/Major/_PUBLIC_/css/Style.css
ERR: 非法操作:_PUBLIC_

