[ 2017-01-04T16:19:57+08:00 ] ::1 /1.41/index.php/Admin/Major/showList
ERR: 无法加载控制器:Major

[ 2017-01-04T16:20:48+08:00 ] ::1 /1.41/index.php/Admin/Major/show
ERR: 无法加载控制器:Major

[ 2017-01-04T16:20:50+08:00 ] ::1 /1.41/index.php/Admin/Major/show
ERR: 无法加载控制器:Major

[ 2017-01-04T16:21:31+08:00 ] ::1 /1.41/index.php/Admin/Major/showList
ERR: 无法加载控制器:Major

[ 2017-01-04T16:21:32+08:00 ] ::1 /1.41/index.php/Admin/Major/showList
ERR: 无法加载控制器:Major

[ 2017-01-04T16:22:51+08:00 ] ::1 /1.41/index.php/Admin/View/Major/showList
ERR: 无法加载控制器:View

[ 2017-01-04T16:35:47+08:00 ] ::1 /1.41/index.php/Admin/Major/show
ERR: 无法加载控制器:Major

[ 2017-01-04T16:37:11+08:00 ] ::1 /1.41/index.php/Admin/Major/show
ERR: 无法加载控制器:Major

[ 2017-01-04T16:37:20+08:00 ] ::1 /1.41/index.php/Admin/Major/showList
ERR: 无法加载控制器:Major

[ 2017-01-04T16:37:21+08:00 ] ::1 /1.41/index.php/Admin/Major/showList
ERR: 无法加载控制器:Major

[ 2017-01-04T16:37:21+08:00 ] ::1 /1.41/index.php/Admin/Major/showList
ERR: 无法加载控制器:Major

[ 2017-01-04T16:37:22+08:00 ] ::1 /1.41/index.php/Admin/Major/showList
ERR: 无法加载控制器:Major

[ 2017-01-04T16:37:22+08:00 ] ::1 /1.41/index.php/Admin/Major/showList
ERR: 无法加载控制器:Major

[ 2017-01-04T16:37:22+08:00 ] ::1 /1.41/index.php/Admin/Major/showList
ERR: 无法加载控制器:Major

[ 2017-01-04T16:38:58+08:00 ] ::1 /1.41/index.php/Admin/Major/show.html
ERR: 无法加载控制器:Major

[ 2017-01-04T16:38:58+08:00 ] ::1 /1.41/index.php/Admin/Major/show.html
ERR: 无法加载控制器:Major

[ 2017-01-04T16:38:59+08:00 ] ::1 /1.41/index.php/Admin/Major/show.html
ERR: 无法加载控制器:Major

[ 2017-01-04T16:38:59+08:00 ] ::1 /1.41/index.php/Admin/Major/show.html
ERR: 无法加载控制器:Major

[ 2017-01-04T16:38:59+08:00 ] ::1 /1.41/index.php/Admin/Major/show.html
ERR: 无法加载控制器:Major

[ 2017-01-04T16:45:58+08:00 ] ::1 /1.41/index.php/Admin/Major/show
ERR: 无法加载控制器:Major

[ 2017-01-04T16:47:39+08:00 ] ::1 /1.41/index.php/Admin/Major/show
ERR: 无法加载控制器:Major

[ 2017-01-04T16:47:40+08:00 ] ::1 /1.41/index.php/Admin/Major/show
ERR: 无法加载控制器:Major

[ 2017-01-04T16:47:40+08:00 ] ::1 /1.41/index.php/Admin/Major/show
ERR: 无法加载控制器:Major

[ 2017-01-04T16:47:40+08:00 ] ::1 /1.41/index.php/Admin/Major/show
ERR: 无法加载控制器:Major

[ 2017-01-04T16:47:40+08:00 ] ::1 /1.41/index.php/Admin/Major/show
ERR: 无法加载控制器:Major

[ 2017-01-04T16:47:41+08:00 ] ::1 /1.41/index.php/Admin/Major/show
ERR: 无法加载控制器:Major

[ 2017-01-04T16:49:38+08:00 ] ::1 /1.41/index.php/Admin/Major/_PUBLIC_/css/StudentStyle.css
ERR: 非法操作:_PUBLIC_

[ 2017-01-04T16:49:38+08:00 ] ::1 /1.41/index.php/Admin/Major/_PUBLIC_/css/StudentStyle.css
ERR: 非法操作:_PUBLIC_

[ 2017-01-04T16:51:52+08:00 ] ::1 /1.41/index.php/Admin/Major/_PUBLIC_/css/StudentStyle.css
ERR: 非法操作:_PUBLIC_

[ 2017-01-04T16:51:52+08:00 ] ::1 /1.41/index.php/Admin/Major/_PUBLIC_/js/jquery.min.js
ERR: 非法操作:_PUBLIC_

[ 2017-01-04T16:51:53+08:00 ] ::1 /1.41/index.php/Admin/Major/_PUBLIC_/css/StudentStyle.css
ERR: 非法操作:_PUBLIC_

[ 2017-01-04T16:51:53+08:00 ] ::1 /1.41/index.php/Admin/Major/_PUBLIC_/js/jquery.min.js
ERR: 非法操作:_PUBLIC_

[ 2017-01-04T16:51:53+08:00 ] ::1 /1.41/index.php/Admin/Major/_PUBLIC_/js/jquery.min.js
ERR: 非法操作:_PUBLIC_

[ 2017-01-04T16:51:53+08:00 ] ::1 /1.41/index.php/Admin/Major/_PUBLIC_/css/StudentStyle.css
ERR: 非法操作:_PUBLIC_

[ 2017-01-04T16:51:53+08:00 ] ::1 /1.41/index.php/Admin/Major/_PUBLIC_/js/jquery.min.js
ERR: 非法操作:_PUBLIC_

[ 2017-01-04T16:51:53+08:00 ] ::1 /1.41/index.php/Admin/Major/_PUBLIC_/css/StudentStyle.css
ERR: 非法操作:_PUBLIC_

[ 2017-01-04T16:52:16+08:00 ] ::1 /1.41/index.php/Admin/Major/_PUBLIC_/js/jquery.min.js
ERR: 非法操作:_PUBLIC_

[ 2017-01-04T16:52:16+08:00 ] ::1 /1.41/index.php/Admin/Major/_PUBLIC_/css/style.css
ERR: 非法操作:_PUBLIC_

[ 2017-01-04T16:52:17+08:00 ] ::1 /1.41/index.php/Admin/Major/_PUBLIC_/css/style.css
ERR: 非法操作:_PUBLIC_

[ 2017-01-04T16:52:17+08:00 ] ::1 /1.41/index.php/Admin/Major/_PUBLIC_/js/jquery.min.js
ERR: 非法操作:_PUBLIC_

[ 2017-01-04T16:52:18+08:00 ] ::1 /1.41/index.php/Admin/Major/_PUBLIC_/js/jquery.min.js
ERR: 非法操作:_PUBLIC_

[ 2017-01-04T16:52:18+08:00 ] ::1 /1.41/index.php/Admin/Major/_PUBLIC_/css/style.css
ERR: 非法操作:_PUBLIC_

[ 2017-01-04T16:52:18+08:00 ] ::1 /1.41/index.php/Admin/Major/_PUBLIC_/css/style.css
ERR: 非法操作:_PUBLIC_

[ 2017-01-04T16:52:18+08:00 ] ::1 /1.41/index.php/Admin/Major/_PUBLIC_/js/jquery.min.js
ERR: 非法操作:_PUBLIC_

[ 2017-01-04T16:52:20+08:00 ] ::1 /1.41/index.php/Admin/Major/_PUBLIC_/js/jquery.min.js
ERR: 非法操作:_PUBLIC_

[ 2017-01-04T16:52:20+08:00 ] ::1 /1.41/index.php/Admin/Major/_PUBLIC_/css/style.css
ERR: 非法操作:_PUBLIC_

[ 2017-01-04T16:52:21+08:00 ] ::1 /1.41/index.php/Admin/Major/_PUBLIC_/js/jquery.min.js
ERR: 非法操作:_PUBLIC_

[ 2017-01-04T16:52:21+08:00 ] ::1 /1.41/index.php/Admin/Major/_PUBLIC_/css/style.css
ERR: 非法操作:_PUBLIC_

[ 2017-01-04T16:52:26+08:00 ] ::1 /1.41/index.php/Admin/Major/showList
ERR: 非法操作:showList

[ 2017-01-04T16:52:31+08:00 ] ::1 /1.41/index.php/Admin/Major/showList
ERR: 非法操作:showList

[ 2017-01-04T16:52:35+08:00 ] ::1 /1.41/index.php/Admin/Major/_PUBLIC_/js/jquery.min.js
ERR: 非法操作:_PUBLIC_

[ 2017-01-04T16:52:35+08:00 ] ::1 /1.41/index.php/Admin/Major/_PUBLIC_/css/style.css
ERR: 非法操作:_PUBLIC_

[ 2017-01-04T16:55:10+08:00 ] ::1 /1.41/index.php/Admin/Major/_PUBLIC_/css/style.css
ERR: 非法操作:_PUBLIC_

[ 2017-01-04T16:55:10+08:00 ] ::1 /1.41/index.php/Admin/Major/_PUBLIC_/css/style.css
ERR: 非法操作:_PUBLIC_

[ 2017-01-04T16:55:10+08:00 ] ::1 /1.41/index.php/Admin/Major/_PUBLIC_/css/style.css
ERR: 非法操作:_PUBLIC_

[ 2017-01-04T16:55:11+08:00 ] ::1 /1.41/index.php/Admin/Major/_PUBLIC_/css/style.css
ERR: 非法操作:_PUBLIC_

[ 2017-01-04T16:55:11+08:00 ] ::1 /1.41/index.php/Admin/Major/_PUBLIC_/css/style.css
ERR: 非法操作:_PUBLIC_

[ 2017-01-04T16:55:11+08:00 ] ::1 /1.41/index.php/Admin/Major/_PUBLIC_/css/style.css
ERR: 非法操作:_PUBLIC_

[ 2017-01-04T16:55:11+08:00 ] ::1 /1.41/index.php/Admin/Major/_PUBLIC_/css/style.css
ERR: 非法操作:_PUBLIC_

[ 2017-01-04T16:55:11+08:00 ] ::1 /1.41/index.php/Admin/Major/_PUBLIC_/css/style.css
ERR: 非法操作:_PUBLIC_

[ 2017-01-04T16:55:12+08:00 ] ::1 /1.41/index.php/Admin/Major/_PUBLIC_/css/style.css
ERR: 非法操作:_PUBLIC_

[ 2017-01-04T16:55:12+08:00 ] ::1 /1.41/index.php/Admin/Major/_PUBLIC_/css/style.css
ERR: 非法操作:_PUBLIC_

[ 2017-01-04T16:55:12+08:00 ] ::1 /1.41/index.php/Admin/Major/_PUBLIC_/css/style.css
ERR: 非法操作:_PUBLIC_

[ 2017-01-04T16:55:12+08:00 ] ::1 /1.41/index.php/Admin/Major/_PUBLIC_/css/style.css
ERR: 非法操作:_PUBLIC_

[ 2017-01-04T16:55:12+08:00 ] ::1 /1.41/index.php/Admin/Major/_PUBLIC_/css/style.css
ERR: 非法操作:_PUBLIC_

[ 2017-01-04T16:55:15+08:00 ] ::1 /1.41/index.php/Admin/Major/_MODULE_/Student/add
ERR: 非法操作:_MODULE_

[ 2017-01-04T16:55:24+08:00 ] ::1 /1.41/index.php/Admin/Major/_PUBLIC_/css/style.css
ERR: 非法操作:_PUBLIC_

[ 2017-01-04T17:00:54+08:00 ] ::1 /1.41/index.php/Admin/Major/_PUBLIC_/css/style.css
ERR: 非法操作:_PUBLIC_

[ 2017-01-04T17:00:55+08:00 ] ::1 /1.41/index.php/Admin/Major/_PUBLIC_/css/style.css
ERR: 非法操作:_PUBLIC_

[ 2017-01-04T17:00:55+08:00 ] ::1 /1.41/index.php/Admin/Major/_PUBLIC_/css/style.css
ERR: 非法操作:_PUBLIC_

[ 2017-01-04T17:00:55+08:00 ] ::1 /1.41/index.php/Admin/Major/_PUBLIC_/css/style.css
ERR: 非法操作:_PUBLIC_

[ 2017-01-04T17:00:55+08:00 ] ::1 /1.41/index.php/Admin/Major/_PUBLIC_/css/style.css
ERR: 非法操作:_PUBLIC_

[ 2017-01-04T17:00:55+08:00 ] ::1 /1.41/index.php/Admin/Major/_PUBLIC_/css/style.css
ERR: 非法操作:_PUBLIC_

[ 2017-01-04T17:00:56+08:00 ] ::1 /1.41/index.php/Admin/Major/_PUBLIC_/css/style.css
ERR: 非法操作:_PUBLIC_

[ 2017-01-04T17:00:56+08:00 ] ::1 /1.41/index.php/Admin/Major/_PUBLIC_/css/style.css
ERR: 非法操作:_PUBLIC_

[ 2017-01-04T17:00:56+08:00 ] ::1 /1.41/index.php/Admin/Major/_PUBLIC_/css/style.css
ERR: 非法操作:_PUBLIC_

[ 2017-01-04T17:00:56+08:00 ] ::1 /1.41/index.php/Admin/Major/_PUBLIC_/css/style.css
ERR: 非法操作:_PUBLIC_

[ 2017-01-04T17:00:56+08:00 ] ::1 /1.41/index.php/Admin/Major/_PUBLIC_/css/style.css
ERR: 非法操作:_PUBLIC_

[ 2017-01-04T17:00:57+08:00 ] ::1 /1.41/index.php/Admin/Major/_PUBLIC_/css/style.css
ERR: 非法操作:_PUBLIC_

[ 2017-01-04T17:00:57+08:00 ] ::1 /1.41/index.php/Admin/Major/_PUBLIC_/css/style.css
ERR: 非法操作:_PUBLIC_

[ 2017-01-04T17:00:57+08:00 ] ::1 /1.41/index.php/Admin/Major/_PUBLIC_/css/style.css
ERR: 非法操作:_PUBLIC_

[ 2017-01-04T17:00:57+08:00 ] ::1 /1.41/index.php/Admin/Major/_PUBLIC_/css/style.css
ERR: 非法操作:_PUBLIC_

[ 2017-01-04T17:00:57+08:00 ] ::1 /1.41/index.php/Admin/Major/_PUBLIC_/css/style.css
ERR: 非法操作:_PUBLIC_

[ 2017-01-04T17:00:58+08:00 ] ::1 /1.41/index.php/Admin/Major/_PUBLIC_/css/style.css
ERR: 非法操作:_PUBLIC_

[ 2017-01-04T17:00:58+08:00 ] ::1 /1.41/index.php/Admin/Major/_PUBLIC_/css/style.css
ERR: 非法操作:_PUBLIC_

[ 2017-01-04T17:00:58+08:00 ] ::1 /1.41/index.php/Admin/Major/_PUBLIC_/css/style.css
ERR: 非法操作:_PUBLIC_

[ 2017-01-04T17:00:58+08:00 ] ::1 /1.41/index.php/Admin/Major/_PUBLIC_/css/style.css
ERR: 非法操作:_PUBLIC_

[ 2017-01-04T17:03:04+08:00 ] ::1 /1.41/index.php/Admin/Major/_MODULE_/Major/showList
ERR: 非法操作:_MODULE_

[ 2017-01-04T17:13:43+08:00 ] ::1 /1.41/index.php/Admin/Major/_MODULE_/Major/showList
ERR: 非法操作:_MODULE_

[ 2017-01-04T17:30:35+08:00 ] ::1 /1.41/index.php/Admin/Major/_PUBLIC_/css/style.css
ERR: 非法操作:_PUBLIC_

[ 2017-01-04T17:32:46+08:00 ] ::1 /1.41/index.php/Admin/Major/_Public_/css/style.css
ERR: 非法操作:_Public_

[ 2017-01-04T17:32:46+08:00 ] ::1 /1.41/index.php/Admin/Major/_Public_/css/style.css
ERR: 非法操作:_Public_

[ 2017-01-04T17:32:46+08:00 ] ::1 /1.41/index.php/Admin/Major/_Public_/css/style.css
ERR: 非法操作:_Public_

[ 2017-01-04T17:32:46+08:00 ] ::1 /1.41/index.php/Admin/Major/_Public_/css/style.css
ERR: 非法操作:_Public_

[ 2017-01-04T17:32:46+08:00 ] ::1 /1.41/index.php/Admin/Major/_Public_/css/style.css
ERR: 非法操作:_Public_

[ 2017-01-04T17:32:46+08:00 ] ::1 /1.41/index.php/Admin/Major/_Public_/css/style.css
ERR: 非法操作:_Public_

[ 2017-01-04T17:32:47+08:00 ] ::1 /1.41/index.php/Admin/Major/_Public_/css/style.css
ERR: 非法操作:_Public_

[ 2017-01-04T17:32:47+08:00 ] ::1 /1.41/index.php/Admin/Major/_Public_/css/style.css
ERR: 非法操作:_Public_

[ 2017-01-04T17:32:47+08:00 ] ::1 /1.41/index.php/Admin/Major/_Public_/css/style.css
ERR: 非法操作:_Public_

[ 2017-01-04T17:32:47+08:00 ] ::1 /1.41/index.php/Admin/Major/_Public_/css/style.css
ERR: 非法操作:_Public_

[ 2017-01-04T17:32:47+08:00 ] ::1 /1.41/index.php/Admin/Major/_Public_/css/style.css
ERR: 非法操作:_Public_

[ 2017-01-04T17:32:48+08:00 ] ::1 /1.41/index.php/Admin/Major/_Public_/css/style.css
ERR: 非法操作:_Public_

[ 2017-01-04T17:32:48+08:00 ] ::1 /1.41/index.php/Admin/Major/_Public_/css/style.css
ERR: 非法操作:_Public_

[ 2017-01-04T17:37:31+08:00 ] ::1 /1.41/index.php/Admin/Major/_MODULE_/Major/showList
ERR: 非法操作:_MODULE_

[ 2017-01-04T17:39:33+08:00 ] ::1 /1.41/index.php/Admin/Major/_MODULE_/Student/showList
ERR: 非法操作:_MODULE_

[ 2017-01-04T17:40:10+08:00 ] ::1 /1.41/index.php/Admin/Major/_MODULE_/Student/showList
ERR: 非法操作:_MODULE_

[ 2017-01-04T17:42:05+08:00 ] ::1 /1.41/index.php/Admin/Major/_MODULE_/Major/showList
ERR: 非法操作:_MODULE_

[ 2017-01-04T19:01:32+08:00 ] ::1 /1.41/index.php/Admin/Major/add
ERR: 非法操作:add

[ 2017-01-04T19:18:22+08:00 ] ::1 /1.41/index.php/Admin/Major/showList
ERR: 非法操作:showList

[ 2017-01-04T19:52:34+08:00 ] ::1 /1.41/index.php/Admin/Major/add
ERR: 非法操作:add

[ 2017-01-04T19:52:46+08:00 ] ::1 /1.41/index.php/Admin/Major/showList
ERR: 非法操作:showList

[ 2017-01-04T19:52:54+08:00 ] ::1 /1.41/index.php/Admin/Student/showList
ERR: 无法加载控制器:Student

[ 2017-01-04T19:53:54+08:00 ] ::1 /1.41/index.php/Admin/Major/add
ERR: 非法操作:add

[ 2017-01-04T19:55:31+08:00 ] ::1 /1.41/index.php/Admin/Major/showList
ERR: 非法操作:showList

[ 2017-01-04T19:55:42+08:00 ] ::1 /1.41/index.php/Admin/Major/showList
ERR: 非法操作:showList

[ 2017-01-04T19:55:42+08:00 ] ::1 /1.41/index.php/Admin/Major/showList
ERR: 非法操作:showList

[ 2017-01-04T19:55:43+08:00 ] ::1 /1.41/index.php/Admin/Major/showList
ERR: 非法操作:showList

[ 2017-01-04T19:55:43+08:00 ] ::1 /1.41/index.php/Admin/Major/showList
ERR: 非法操作:showList

[ 2017-01-04T19:56:24+08:00 ] ::1 /1.41/index.php/Admin/Major/show
ERR: 非法操作:show

[ 2017-01-04T19:56:29+08:00 ] ::1 /1.41/index.php/Admin/Major/showList
ERR: 非法操作:showList

[ 2017-01-04T19:56:30+08:00 ] ::1 /1.41/index.php/Admin/Major/showList
ERR: 非法操作:showList

[ 2017-01-04T19:57:43+08:00 ] ::1 /1.41/index.php/Admin/Major/add
ERR: 非法操作:add

[ 2017-01-04T20:15:45+08:00 ] ::1 /1.41/index.php/Admin/Student/show
ERR: 无法加载控制器:Student

[ 2017-01-04T20:15:57+08:00 ] ::1 /1.41/index.php/Admin/Major/show
ERR: 非法操作:show

[ 2017-01-04T20:57:38+08:00 ] ::1 /1.41/index.php/Admin/Major/showList
ERR: Think\Model:relation方法不存在！

[ 2017-01-04T20:59:04+08:00 ] ::1 /1.41/index.php/Admin/Major/showList
ERR: Think\Model:relation方法不存在！

[ 2017-01-04T20:59:06+08:00 ] ::1 /1.41/index.php/Admin/Major/showList
ERR: Think\Model:relation方法不存在！

[ 2017-01-04T20:59:07+08:00 ] ::1 /1.41/index.php/Admin/Major/showList
ERR: Think\Model:relation方法不存在！

[ 2017-01-04T20:59:08+08:00 ] ::1 /1.41/index.php/Admin/Major/showList
ERR: Think\Model:relation方法不存在！

[ 2017-01-04T20:59:09+08:00 ] ::1 /1.41/index.php/Admin/Major/showList
ERR: Think\Model:relation方法不存在！

[ 2017-01-04T20:59:11+08:00 ] ::1 /1.41/index.php/Admin/Major/showList
ERR: Think\Model:relation方法不存在！

[ 2017-01-04T20:59:49+08:00 ] ::1 /1.41/index.php/Admin/Major/showList
ERR: Think\Model:relation方法不存在！

[ 2017-01-04T20:59:50+08:00 ] ::1 /1.41/index.php/Admin/Major/showList
ERR: Think\Model:relation方法不存在！

[ 2017-01-04T20:59:51+08:00 ] ::1 /1.41/index.php/Admin/Major/showList
ERR: Think\Model:relation方法不存在！

[ 2017-01-04T20:59:52+08:00 ] ::1 /1.41/index.php/Admin/Major/showList
ERR: Think\Model:relation方法不存在！

[ 2017-01-04T20:59:53+08:00 ] ::1 /1.41/index.php/Admin/Major/showList
ERR: Think\Model:relation方法不存在！

[ 2017-01-04T20:59:54+08:00 ] ::1 /1.41/index.php/Admin/Major/showList
ERR: Think\Model:relation方法不存在！

[ 2017-01-04T21:00:15+08:00 ] ::1 /1.41/index.php/Admin/Major/showList
ERR: Think\Model:relation方法不存在！

[ 2017-01-04T21:00:16+08:00 ] ::1 /1.41/index.php/Admin/Major/showList
ERR: Think\Model:relation方法不存在！

[ 2017-01-04T21:00:17+08:00 ] ::1 /1.41/index.php/Admin/Major/showList
ERR: Think\Model:relation方法不存在！

[ 2017-01-04T21:00:18+08:00 ] ::1 /1.41/index.php/Admin/Major/showList
ERR: Think\Model:relation方法不存在！

[ 2017-01-04T21:00:20+08:00 ] ::1 /1.41/index.php/Admin/Major/showList
ERR: Think\Model:relation方法不存在！

[ 2017-01-04T21:01:00+08:00 ] ::1 /1.41/index.php/Admin/Major/showList
ERR: Think\Model:relation方法不存在！

[ 2017-01-04T21:01:01+08:00 ] ::1 /1.41/index.php/Admin/Major/showList
ERR: Think\Model:relation方法不存在！

[ 2017-01-04T21:01:02+08:00 ] ::1 /1.41/index.php/Admin/Major/showList
ERR: Think\Model:relation方法不存在！

[ 2017-01-04T21:01:03+08:00 ] ::1 /1.41/index.php/Admin/Major/showList
ERR: Think\Model:relation方法不存在！

[ 2017-01-04T21:01:04+08:00 ] ::1 /1.41/index.php/Admin/Major/showList
ERR: Think\Model:relation方法不存在！

[ 2017-01-04T21:01:05+08:00 ] ::1 /1.41/index.php/Admin/Major/showList
ERR: Think\Model:relation方法不存在！

[ 2017-01-04T21:01:06+08:00 ] ::1 /1.41/index.php/Admin/Major/showList
ERR: Think\Model:relation方法不存在！

[ 2017-01-04T21:01:07+08:00 ] ::1 /1.41/index.php/Admin/Major/showList
ERR: Think\Model:relation方法不存在！

[ 2017-01-04T21:01:08+08:00 ] ::1 /1.41/index.php/Admin/Major/showList
ERR: Think\Model:relation方法不存在！

[ 2017-01-04T21:01:31+08:00 ] ::1 /1.41/index.php/Admin/Major/showList
ERR: Think\Model:relation方法不存在！

[ 2017-01-04T21:01:32+08:00 ] ::1 /1.41/index.php/Admin/Major/showList
ERR: Think\Model:relation方法不存在！

[ 2017-01-04T21:01:34+08:00 ] ::1 /1.41/index.php/Admin/Major/showList
ERR: Think\Model:relation方法不存在！

[ 2017-01-04T21:02:11+08:00 ] ::1 /1.41/index.php/Admin/Major/showList
ERR: Think\Model:relation方法不存在！

[ 2017-01-04T21:02:12+08:00 ] ::1 /1.41/index.php/Admin/Major/showList
ERR: Think\Model:relation方法不存在！

[ 2017-01-04T21:02:14+08:00 ] ::1 /1.41/index.php/Admin/Major/showList
ERR: Think\Model:relation方法不存在！

[ 2017-01-04T21:02:15+08:00 ] ::1 /1.41/index.php/Admin/Major/showList
ERR: Think\Model:relation方法不存在！

[ 2017-01-04T21:02:16+08:00 ] ::1 /1.41/index.php/Admin/Major/showList
ERR: Think\Model:relation方法不存在！

[ 2017-01-04T21:02:18+08:00 ] ::1 /1.41/index.php/Admin/Major/showList
ERR: Think\Model:relation方法不存在！

