[ 2017-01-06T10:26:16+08:00 ] ::1 /19zhoushixun1/index.php/Admin/Student/add
ERR: Think\Model:relation方法不存在！

[ 2017-01-06T10:26:39+08:00 ] ::1 /19zhoushixun1/index.php/Admin/Student/add
ERR: Think\Model:relation方法不存在！

[ 2017-01-06T10:33:55+08:00 ] ::1 /19zhoushixun1/index.php/Admin/Student/add
ERR: Think\Model:relation方法不存在！

[ 2017-01-06T10:35:51+08:00 ] ::1 /19zhoushixun1/index.php/Admin/Student/add
ERR: Think\Model:relation方法不存在！

[ 2017-01-06T10:37:25+08:00 ] ::1 /19zhoushixun1/index.php/Admin/Student/add
ERR: Think\Model:relation方法不存在！

[ 2017-01-06T10:38:54+08:00 ] ::1 /19zhoushixun1/index.php/Admin/Student/add
ERR: Think\Model:relation方法不存在！

[ 2017-01-06T10:39:27+08:00 ] ::1 /19zhoushixun1/index.php/Admin/Student/addAll
ERR: 1054:Unknown column 'major_id' in 'where clause'
 [ SQL语句 ] : SELECT * FROM `stu_book` WHERE ( 1=1 AND major_id='1' ) 

[ 2017-01-06T10:42:17+08:00 ] ::1 /19zhoushixun1/index.php/Admin/Student/addAll
ERR: Think\Model:relation方法不存在！

[ 2017-01-06T10:56:30+08:00 ] ::1 /19zhoushixun1/index.php/Admin/Major/showList
ERR: 1054:Unknown column 'major_id' in 'where clause'
 [ SQL语句 ] : SELECT * FROM `stu_book` WHERE ( 1=1 AND major_id='1' ) 

[ 2017-01-06T10:56:37+08:00 ] ::1 /19zhoushixun1/index.php/Admin/Major/showList
ERR: 1054:Unknown column 'major_id' in 'where clause'
 [ SQL语句 ] : SELECT * FROM `stu_book` WHERE ( 1=1 AND major_id='1' ) 

[ 2017-01-06T11:02:38+08:00 ] ::1 /19zhoushixun1/index.php/Admin/Student/add
ERR: Think\Model:relation方法不存在！

[ 2017-01-06T11:04:26+08:00 ] ::1 /19zhoushixun1/index.php/Admin/Student/addAll
ERR: Think\Model:relation方法不存在！

[ 2017-01-06T11:04:57+08:00 ] ::1 /19zhoushixun1/index.php/Admin/Student/addAll
ERR: Think\Model:relation方法不存在！

[ 2017-01-06T11:05:01+08:00 ] ::1 /19zhoushixun1/index.php/Admin/Student/addAll
ERR: Think\Model:relation方法不存在！

[ 2017-01-06T11:05:02+08:00 ] ::1 /19zhoushixun1/index.php/Admin/Student/addAll
ERR: Think\Model:relation方法不存在！

[ 2017-01-06T11:05:03+08:00 ] ::1 /19zhoushixun1/index.php/Admin/Student/addAll
ERR: Think\Model:relation方法不存在！

[ 2017-01-06T11:05:04+08:00 ] ::1 /19zhoushixun1/index.php/Admin/Student/addAll
ERR: Think\Model:relation方法不存在！

[ 2017-01-06T11:05:05+08:00 ] ::1 /19zhoushixun1/index.php/Admin/Student/addAll
ERR: Think\Model:relation方法不存在！

[ 2017-01-06T11:05:10+08:00 ] ::1 /19zhoushixun1/index.php/Admin/Student/addAll
ERR: Think\Model:relation方法不存在！

[ 2017-01-06T11:11:24+08:00 ] ::1 /19zhoushixun1/index.php/Admin/Student/addAll
ERR: Think\Model:relation方法不存在！

